<?xml version="1.0" encoding="UTF-8"?>
<!-- Generated by org.testng.reporters.JUnitXMLReporter -->
<testsuite hostname="MGHector.local" ignored="0" name="Test" tests="4" failures="0" timestamp="2021-04-25T12:08:26 IST" time="51.283" errors="0">
  <testcase name="TC_LGN_001" time="0.159" classname="testscripts.TC_LGN_001"/>
  <testcase name="TC_LGN_002" time="5.527" classname="testscripts.TC_LGN_002"/>
  <testcase name="TC_HM_001" time="8.064" classname="testscripts.TC_HM_001"/>
  <testcase name="TC_HM_003" time="11.768" classname="testscripts.TC_HM_003"/>
</testsuite> <!-- Test -->
